[   0.0000] Liuxversin 415.0--generic (ildd@lgw01-amd64-13)(gc version 7.4.(Ubuntu 7.4.01ubutu~18.01)) 92UbuntuMP Fr Fb 28 1:0948 UC 2020 Ubuntu 4.15.0-912-generic4.1518)
[   0.00000] Comnd line: OOT_IMAGE=/bo/vmlin-4.15.91-gneric root=UUID=a5eb0e2-8eb1-4232-8570-2cc92799346 rconsole=tty1 nsole=ttyS0
[  0.000000] ERNEL suported cpus
[   .000000]   Intel GenuineIntel
[    0.000000]   AMD AuhenticAMD[   0.0000   Centaur CentaurHauls
[   0.0000] 86/fp Suportng XAV featre x001: '87 foatingpoint egisers'
[    0.0000] x86/fpu: Supporting XSAV fatur 0002:'SSEregisters'
[    0.000000] x86/fpu: Supporting XSAVE feature 0x004: 'AVX registers'
[    0.000000] x86/fpu: xstate_offset[2]:  576, xstate_sizes[2]:  256
[    0.000000] x86/fpu: Enabled xstate feture0x7, conxt size is 832 bytes, using 'standard' format.
[    0.00000 e820: BIOS-provided physical RAM map:
[    0.000000] BIOS-e820: [mem 0x0000000000000000-0x000000000009fbff] usable
[    0.000000] BIOS-e820: [mem 0x000000000009fc00-0x000000000009ffff] reserved
[    0.000000] BIO-e820: [me 0x000000000f0000x0000000000ffff] rservd
[   0.00000]BIOS820:[mm 0x00000000100000-0x0000003ffefff] usable
[    0.0000] BIOS-e820:[mem x000000003fff0000-0x000000003fffffff] ACPI data
[    0.000000] BIOS-e820: [mem 0x00000000c0000-0x0000000fec00ff] rerve
[   .000000] BIOS-e820: [me 0x000000fee0000-000000000fee0fff]reserve
   0.0000] BS-e820: [mem 00000000ffc000-0x0000000ffffffff reserved
[   0.00000] NX (ecute Disable) protection: active
[    0.000000] SMBIOS 2.5 esent.
[   0.00000] D: inotk GmbHirtuaox/VrtualB, BIOS irtuBox 121/2006
[   0.0000] Hypeisor detected: KVM[    0.0000] e80: last_pfn = 0x3fff0 max_archpfn  0400000000
    0.00000] TRR: Dsabled
[   0.0000000] 6/PAT: MTRRs disaled, skippingAT intialzation t.
[   0.0000] PU MTRRsall ank - virtalzed system
[   0.0000] x6/PAT: Configuration [0-7]: WB  WT  UC- UC  WB  WT  UC- UC  
[    0.000000] found SMP MP-table at [mem 0x0009fff0-0x0009fff]
[  0.000000] Scanning 1 areas forlow emry crruion
[   .00000] RAMDSK: me 0x3596300-x368fff]
   0.000000] ACP: Ealy able cecsum verification disabled
[[   0.0000] ACPI: RSDP0x00000000000E0000 00024 (v0 VBO  )
    0.000000] ACPI: XSDT 0x000000003FFF0030 00003C (v01 VBOX   VBOXXSDT 00000001 ASL  00000061)
[    0.000000] ACPI: FACP 0x000000003FFF00F0 0000F4 (v04 VBOX   VBOXFACP 00000001SL  000001)
[   0.000000] ACPI: DSDT 0x000000003FFF0470 0021FF (v02 VBOX   VBOXBIOS 00000002 INTL 2010028
    0.0000 ACPI FCS 00000003FFF0200 00040
[   0000000 ACPI:FAC 0x000000003FFF200 000040
[    0.000000] ACPI: APIC 0x000000003FFF0240 00005C (v02 VBOX   VBOXAPIC 00000001 ASL  00000061)
[    0.00000] ACPI: SSDT 0x00000003FFF02A0 0001CC (v01 VBOX   VBOXCPUT 00000002 INTL 20100528)
[    0.00000] o UMA coniguration ound
[    000000] Fakg a ode at[me 0x00000000000000-0x00000003feffff]
[    0.000000] NODE_DATA(0) allocatd [mem 0x3ffc5000-0x3ffeffff]
[   0.000000] kvm-clock: cpu 0, msr 0:3ff44001, primary cpu clock
[    0.000000] kvm-clock: Using msrs 4b564d01 and 4b564d0
[    0.000000] kvm-cock: usin sched offset of 3725881386 cycles
[    0.000000] clocksource: kvm-clock: mask: 0xffffffffffffffff max_cycles: 0x1cd42e4dffb, max_idle_ns: 881590591483 ns
[    0.000000] Zone ranges:
[    0.000000]   DMA      [mem 0x0000000000001000-0x0000000000ffffff]
[    0.000000]   DMA32    [mem 0x0000000001000000-0x000000003ffeffff]
[    0.000000]   Normal   empty
[    0.000000]   Device   empty
[    0.000000] Movable zone start for each node
[    0.000000] Early memory node ranges
[    0.000000]   node   0: [mem 0x0000000000001000-0x000000000009efff]
[    0.000000]   node   0: [mem 0x0000000000100000-0x000000003ffeffff]
[    0.000000] Reserved but unavailable: 98 pages
[    0.000000] Intmem setup node 0 [mem 0x0000000000001000-0x000000003ffeffff]
[    0.000000] ACPI: PM-Timer IO Port: 0x4008
[    0.000000] IOAPIC[0]: apic_id 2, version 32, address 0xfec00000, GSI 0-23
[    0.000000] ACPI: INT_SRC_OVR (bus 0 bus_irq 0 global_irq 2 dfl dfl)
[    0.000000] ACPI: INT_SRC_OVR (bus 0 bus_irq 9 globa_irq 9 low level)
[    0.000000] Using ACPI (MADT) for SMP configuration information
[    0.000000] smpboot: Allowing 2 CPUs, 0 hotplug CPUs
[    0.000000] PM: Registered nosave memory: [mem 0x00000000-0x00000fff]
[    0.000000] PM: Registered nosave memory: [mem 0x0009f000-0x0009ffff]
[    0.000000] PM: Registered nosave memory: [mem 0x000a0000-0x000effff]
[    0.000000] PM: Registered nosave memory: [mem 0x000f0000-0x000fffff
[    0.000000] e820: [mem 0x40000000-0xfebfffff] available for PCI devices
[    0.000000] Booting paravirtualized kernel on KVM
[    0.000000] clocksource: refined-jiffies: mask: 0xffffffff max_cycles: 0xfffffff, max_idle_ns: 7645519600211568 ns
[    0.000000] random: get_random_bytes called from start_kernel+0x99/0x4fd with crng_init=0
[    0.000000] setup_percpu: NR_CPUS:8192 nr_cpumask_bits:2 nr_cpu_ids:2 nr_node_ids:1
[    0.000000] percpu: Embedded 45 pages/cpu s147456 r8192 d28672 u1048576
[    0.000000] PV qspinlock hash table entries: 256 (order: 0, 4096 bytes)
[    0.000000] Built 1 zonelists, mobility grouping on.  Total pages: 257913
[    0.000000] Policy zone: DMA32
[    0.000000] Kernel command line: BOOT_IMAGE=/boot/vmlinuz-4.15.0-91-generic root=UUID=a5eb06e2-8eb1-4232-8570-2cc927993946 ro console=tty1 console=ttyS0
[    0.000000] Memory: 982532K/1048120K available (12300K kernel code, 2481K rwdata, 4264K rodata, 2432K init, 2712K bss, 65588K reserved, 0K cma-reserved)
[    0.000000] SLUB: HWalign=64, Order=0-3, MinObjects=0, CPUs=2, Nodes=1
[    0.000000] Kernel/User page tables isolation: enabled
[    0.000000] ftrace: allocating 39347 entries in 154 pages
[    0.004000] Hierarchical RCU implementation.
[    0.004000] 	RCU restricting CPUs from NR_CPUS=8192 to nr_cpu_ids=2.
[    0.004000] 	Tasks RCU enabled.
[    0.004000] RCU: Adjusting geometry for rcu_fanout_leaf=16, nr_cpu_ids=2
[    0.004000] NR_IRQS: 524544, nr_irqs: 440, preallocated irqs: 16
[    0.004000] Console: colour VGA+ 80x25
[    0.004000] console [tty1] enabled
[    0.004000] console [ttyS0] enabled
[    0.004000] ACPI: Core revision 20170831
[    0.004000] ACPI: 2 ACPIAML tables successfully acquired and loaded
[    0.004000] APIC: Switch to symmetric I/O mode setup
[    0.004000] x2apic enabled
[    0.004000] Switched APIC routing to physical x2apic.
[    0.004000] ..TIMER: vector=0x30 apic1=0 pin1=2 apic2=-1 pin2=-1
[    0.004004] tsc: Detected 3192.004 MHz processor
[    0.004964] Calibrating delay loop (skipped) preset value.. 6384.00 BogoMIPS (lpj=12768016)
[    0.008005] pid_max: default: 32768 minimum: 301
[    0.009103] Security Framework initialized
[    0.010040] Yama: becoming mindful.
[    0.010825] AppArmor: AppArmor initialized
[    0.015936] Dentry cache hash table entries: 131072 (order: 8, 1048576 bytes)
[    0.016063] Inode-cache hash table entries: 65536 (order: 7, 524288 bytes)
[    0.017459] Mount-cache hash table entries: 2048 (order: 2, 16384 bytes)
[    0.018824] Mountpoint-cache hash table entries: 2048 (order: 2, 16384 bytes)
[    0.020274] Last level iTLB entries: 4KB 128, 2MB 8, 4MB 8
[    0.021406] Last level dTLB entries: 4KB 64, 2MB 0, 4MB 0, 1GB 4
[    0.024003] Spectre V1 : Mitigation: usercopy/swapgs barriers and __user pointer sanitization
[    0.025908] Spectre V2 : Mitigation: Full generic retpoline
[    0.027050] Spectre V2 : Spectre v2 / SpectreRSB mitigation: Filling RSB on context switch
[    0.028003] Speculative Store Bypass: Vulnerable
[    0.029002] MDS: Vulnerable: Clear CPU buffers attempted, no microcode
[    0.030507] Freeing SMP alternatives memory: 36K
[    0.142612] smpboot: CPU0: Intel(R) Core(TM) i5-6500 CPU @ 3.20GHz (family: 0x6, model: 0x5e, stepping: 0x3)
[    0.144074] Performance Events: unsupported p6 CPU model 94 no PMU driver, software events only.
[    0.145950] Hierarchical SRCU implementation.
[    0.148576] NMI watchdog: Perf event create on CPU 0 failed with -2
[    0.152004] NMI watchdog: Perf NMI watchdog permanently disabled
[    0.153284] smp: Bringing up secondary CPUs ...
[    0.154373] x86: Booting SMP configuration:
[    0.156002] .... node  #0, CPUs:      #1
[    0.004000] kvm-clock: cpu 1, msr 0:3ff44041, secondary cpu clock
[    0.160020] smp: Brought up 1 node, 2 CPUs
[    0.164013] smpboot: Max logical packages: 1
[    0.168005] smpboot: Total of 2 processors activated (12768.01 BogoMIPS)
[    0.172120] devtmpfs: initialized
[    0.176071] x86/mm: Memory block size: 128MB
[    0.177204] evm: security.selinux
[    0.180006] evm: security.SMACK64
[    0.180863] evm: security.SMACK64EXEC
[    0.181679] evm: security.SMACK64TRANSMUTE
[    0.182573] evm: security.SMACK64MMAP
[    0.183407] evm: security.apparmor
[    0.184005] evm: security.ima
[    0.188006] evm: security.capability
[    0.192036] clocksource: jiffies: mask: 0xffffffff max_cycles: 0xffffffff, max_idle_ns: 7645041785100000 ns
[    0.196014] futex hash table entries: 512 (order: 3, 32768 bytes)
[    0.203931] pinctrl core: initialized pinctrl subsystem
[    0.204114] RTC time: 13:28:25, date: 04/05/20
[    0.205232] NET: Registered protocol family 16
[    0.208100] audit: initializing netlink subsys (disabled)
[    0.212035] audit: type=2000 audit(1586093299.737:1): state=initialized audit_enabled=0 res=1
[    0.212229] cpuidle: using governor ladder
[    0.216014] cpuidle: using governor menu
[    0.216873] ACPI: bus type PCI registered
[    0.217745] acpiphp: ACPI Hot Plug PCI Controller Driver version: 0.5
[    0.220018] PCI: Using configuration type 1 for base access
[    0.221291] HugeTLB registered 2.00 MiB page size, pre-allocated 0 pages
[    0.228173] ACPI: Added _OSI(Module Device)
[    0.229296] ACPI: Added _OSI(Processor Device)
[    0.232011] ACPI: Added _OSI(3.0 _SCP Extensions)
[    0.236014] ACPI: Added _OSI(Processor Aggregator Device)
[    0.240002] ACPI: Added _OSI(Linux-Dell-Video)
[    0.241105] ACPI: Added _OSI(Linux-Lenovo-NV-HDMI-Audio)
[    0.242170] ACPI: Added _OSI(Linux-HPI-Hybrid-Graphics)
[    0.244366] ACPI: Executed 1 blocks of module-level executable AML code
[    0.255720] ACPI: Interpreter enabled
[    0.256012] ACPI: (supports S0 S5)
[    0.256779] ACPI: Using IOAPIC for interrupt routing
[    0.260298] PCI: Using host bridge windows from ACPI; if necessary, use "pci=nocrs" and report a bug
[    0.262445] ACPI: Enabled 2 GPEs in block 00 to 07
[    0.273853] ACPI: PCI Root Bridge [PCI0] (domain 0000 [bus 00-ff])
[    0.276028] acpi PNP0A03:00: _OSC: OS supports [ASPM ClockPM Segments MSI]
[    0.277776] acpi PNP0A03:00: _OSC: not requesting OS control; OS requires [ExtendedConfig ASPM ClockPM MSI]
[    0.280013] acpi PNP0A03:00: fail to add MMCONFIG information, can't access extended PCI configuration space under this bridge.
[    0.283277] PCI host bridge to bus 0000:00
[    0.284007] pci_bus 0000:00: root bus resource [io  0x0000-0x0cf7 window]
[    0.285915] pci_bus 0000:00: root bus resource [io  0x0d00-0xffff window]
[    0.288007] pci_bus 0000:00: root bus resource [mem 0x000a0000-0x000bffff window]
[    0.292007] pci_bus 0000:00: root bus resource [mem 0x40000000-0xfdffffff window]
[    0.296006] pci_bus 0000:00: root bus resource [bus 00-ff]
[    0.300500] pci 0000:00:01.1: legacy IDE quirk: reg 0x10: [io  0x01f0-0x01f7]
[    0.302215] pci 0000:00:01.1: legacy IDE quirk: reg 0x14: [io  0x03f6]
[    0.303894] pci 0000:00:01.1: legacy IDE quirk: reg 0x18: [io  0x0170-0x0177]
[    0.304007] pci 0000:00:01.1: legacy IDE quirk: reg 0x1c: [io  0x0376]
[    0.321562] pci 0000:00:07.0: quirk: [io  0x4000-0x403f] claimed by PIIX4 ACPI
[    0.323235] pci 0000:00:07.0: quirk: [io  0x4100-0x410f] claimed by PIIX4 SMB
[    0.333644] ACPI: PCI Interrupt Link [LNKA] (IRQs 5 9 10 *11)
[    0.335328] ACPI: PCI Interrupt Link [LNKB] (IRQs 5 9 *10 11)
[    0.336194] ACPI: PCI Interrupt Link [LNKC] (IRQs 5 *9 10 11)
[    0.340197] ACPI: PCI Interrupt Link [LNKD] (IRQs 5 9 10 *11)
[    0.341796] SCSI subsystem initialized
[    0.342642] pci 0000:00:02.0: vgaarb: setting as boot VGA device
[    0.342642] pci 0000:00:02.0: vgaarb: VGA device added: decodes=io+mem,owns=io+mem,locks=none
[    0.344015] pci 0000:00:02.0: vgaarb: bridge control possible
[    0.348004] vgaarb: loaded
[    0.348730] ACPI: bus type USB registered
[    0.349696] usbcore: registered new interface driver usbfs
[    0.352022] usbcore: registered new interface driver hub
[    0.356022] usbcore: registered new device driver usb
[    0.357152] EDAC MC: Ver: 3.0.0
[    0.357152] PCI: Using ACPI for IRQ routing
[    0.357189] NetLabel: Initializing
[    0.360003] NetLabel:  domain hash size = 128
[    0.361003] NetLabel:  protocols = UNLABELED CIPSOv4 CALIPSO
[    0.362267] NetLabel:  unlabeled traffic allowed by default
[    0.364108] clocksource: Switched to clocksource kvm-clock
[    0.386214] VFS: Disk quotas dquot_6.6.0
[    0.387124] VFS: Dquot-cache hash table entries: 512 (order 0, 4096 bytes)
[    0.388681] AppArmor: AppArmor Filesystem Enabled
[    0.389692] pnp: PnP ACPI init
[    0.391527] pnp: PnP ACPI: found 3 devices
[    0.402658] clocksource: acpi_pm: mask: 0xffffff max_cycles: 0xffffff, max_idle_ns: 2085701024 ns
[    0.404100] NET: Registered protocol family 2
[    0.405692] TCP established hash table entries: 8192 (order: 4, 65536 bytes)
[    0.407124] TCP bind hash table entries: 8192 (order: 5, 131072 bytes)
[    0.412121] TCP: Hash tables configured (established 8192 bind 8192)
[    0.413442] UDP hash table entries: 512 (order: 2, 16384 bytes)
[    0.414646] UDP-Lite hash table entries: 512 (order: 2, 16384 bytes)
[    0.416031] NET: Registered protocofamily 1[   .496437] pci 0000:00:00.0: Limiting direct PCI/PCI transfers
[    0.580753] pci 0000:00:01.0: Activating ISA DMA hang workarounds
[    0.581998] pci 0000:00:02.0: Video device with shadowed ROM at [mem 0x000c0000-0x000dffff]
[    0.584033] Unpacking initramfs...

[    0.969981] Freeing initrd memory: 19736K
[    1.002725] clocksource: tsc: mask: 0xffffffffffffffff max_cycles: 0x2e02c8c3a19, max_idle_ns: 440795275133 ns
[    1.051797] platform rtc_cmos: registered platform RTC device (no PNP device found)
[    1.062027] Scanning for low memory corruption every 60 seconds
[    1.063931] Initialise system trusted keyrings
[    1.064941] Key type blacklist registered
[    1.065930] workingset: timestamp_bits=36 max_order=18 bucket_order=0
[    1.068456] zbud: loaded
[    1.077912] squashfs: version 4.0 (2009/01/31) Phillip Lougher
[    1.079447] fuse init (API version 7.26)
[    1.083213] Key type asymmetric registered
[    1.084891] Asymmetric key parser 'x509' registered
[    1.086234] Block layer SCSI generic (bsg) driver version 0.4 loaded (major 246)
[    1.087847] io scheduler noop registered
[    1.094975] io scheduler deadline registered
[    1.102185] io scheduler cfq registered (default)
[    1.103724] ACPI: AC Adapter [AC] (on-line)
[    1.105097] input: Power Button as /devices/LNXSYSTM:00/LNXPWRBN:00/input/input0
[    1.106894] ACPI: Power Button [PWRF]
[    1.107764] input: Sleep Button as /devices/LNXSYSTM:00/LNXSLPBN:00/input/input1
[    1.109414] ACPI: Sleep Button [SLPF]
[    1.110559] Serial: 8250/16550 driver, 32 ports, IRQ sharing enabled
[    1.135035] 00:02: ttyS0 at I/O 0x3f8 (irq = 4, base_baud = 115200) is a 16550A
[    1.140209] Linux agpgart interface v0.103
[    1.149236] loop: module loaded
[    1.150635] scsi host0: ata_piix
[    1.157265] scsi host1: ata_piix
[    1.158046] ata1: PATA max UDMA/33 cmd 0x1f0 ctl 0x3f6 bmdma 0xd000 irq 14
[    1.159555] ata2: PATA max UDMA/33 cmd 0x170 ctl 0x376 bmdma 0xd008 irq 15
[    1.161400] libphy: Fixed MDIO Bus: probed
[    1.168924] tun: Universal TUN/TAP device driver, 1.6
[    1.170183] PPP generic driver version 2.4.2
[    1.171277] ehci_hcd: USB 2.0 'Enhanced' Host Controller (EHCI) Driver
[    1.179597] ehci-pci: EHCI PCI platform driver
[    1.180598] ehci-platform: EHCI generic platform driver
[    1.181692] ohci_hcd: USB 1.1 'Open' Host Controller (OHCI) Driver
[    1.193137] ohci-pci: OHCI PCI platform driver
[    1.194704] ohci-platform: OHCI generic platform driver
[    1.203059] uhci_hcd: USB Universal Host Controller Interface driver
[    1.204610] i8042: PNP: PS/2 Controller [PNP0303:PS2K,PNP0f03:PS2M] at 0x60,0x64 irq 1,12
[    1.210625] serio: i8042 KBD port at 0x60,0x64 irq 1
[    1.211845] serio: i8042 AUX port at 0x60,0x64 irq 12
[    1.213382] mousedev: PS/2 mouse device common for all mice
[    1.217959] rtc_cmos rtc_cmos: rtc core: registered rtc_cmos as rtc0
[    1.220191] rtc_cmos rtc_cmos: alarms up to one day, 114 bytes nvram
[    1.221758] i2c /dev entries driver
[    1.222798] input: AT Translated Set 2 keyboard as /devices/platform/i8042/serio0/input/input2
[    1.224148] device-mapper: uevent: version 1.0.3
[    1.226347] device-mapper: ioctl: 4.37.0-ioctl (2017-09-20) initialised: dm-devel@redhat.com
[    1.228413] ledtrig-cpu: registered to indicate activity on CPUs
[    1.238170] NET: Registered protocol family 10
[    1.242883] Segment Routing with IPv6
[    1.243797] NET: Registered protocol family 17
[    1.251375] Key type dns_resolver registered
[    1.252653] mce: Using 0 MCE banks
[    1.256531] RAS: Correctable Errors collector initialized.
[    1.258839] sched_clock: Marking stable (1256506224, 0)->(12617703094, -11361196870)
[    1.266671] registered taskstats version 1
[    1.267728] Loading compiled-in X.509 certificates
[    1.272449] Loaded X.509 cert 'Build time autogenerated kernel key: d019e8c5f4cbc828f6af43369f65a014a3a68371'
[    1.274675] zswap: loaded using pool lzo/zbud
[    1.279852] Key type big_key registered
[    1.287320] Key type trusted registered
[    1.289955] Key type encrypted registered
[    1.310389] AppArmor: AppArmor sha1 policy hashing enabled
[    1.311579] ima: No TPM chip found, activating TPM-bypass! (rc=-19)
[    1.312962] ima: Allocated hash algorithm: sha1
[    1.313915] evm: HMAC attrs: 0x1
[    1.314937]   Magic number: 0:666:482
[    1.325079] ata_device dev1.1: hash matches
[    1.339671]  dev1.1: hash matches
[    1.340599] rtc_cmos rtc_cmos: setting system clock to 2020-04-05 13:28:26 UTC (1586093306)
[    1.342567] BIOS EDD facility v0.16 2004-Jun-25, 0 devices found
[    1.343772] EDD information not available.
[    1.347341] Freeing unused kernel image memory: 2432K
[    1.392805] Write protecting the kernel read-only data: 20480k
[    1.394610] Freeing unused kernel image memory: 2008K
[    1.403853] Freeing unused kernel image memory: 1880K
[    1.415649] x86/mm: Checked W+X mappings: passed, no W+X pages found.
[    1.425404] x86/mm: Checking user space page tables
[    1.481207] x86/mm: Checked W+X mappings: passed, no W+X pages found.
Loading, please wait...
starting version 237
[    1.587026] Fusion MPT base driver 3.04.20
[    1.588044] Copyright (c) 1999-2008 LSI Corporation
[    1.606159] e1000: Intel(R) PRO/1000 Network Driver - version 7.3.21-k8-NAPI
[    1.615163] e1000: Copyright (c) 1999-2006 Intel Corporation.
[    1.639246] AVX2 version of gcm_enc/dec engaged.
[    1.652595] AES CTR mode by8 optimization enabled
[    1.655352] Fusion MPT SPI Host driver 3.04.20
[    1.803131] input: ImExPS/2 Generic Explorer Mouse as /devices/platform/i8042/serio1/input/input4
[    2.072663] e1000 0000:00:03.0 eth0: (PCI:33MHz:32-bit) 02:26:45:5c:bc:af
[    2.074305] e1000 0000:00:03.0 eth0: Intel(R) PRO/1000 Network Connection
[    2.077192] mptbase: ioc0: Initiating bringup
[    2.079043] e1000 0000:00:03.0 enp0s3: renamed from eth0
[    2.172817] ioc0: LSI53C1030 A0: Capabilities={Initiator}
[    2.415983] scsi host2: ioc0: LSI53C1030 A0, FwRev=00000000h, Ports=1, MaxQ=256, IRQ=20
[    2.584865] scsi 2:0:0:0: Direct-Access     VBOX     HARDDISK         1.0  PQ: 0 ANSI: 5
[    2.624488] scsi target2:0:0: Beginning Domain Validation
[    2.629076] scsi target2:0:0: Domain Validation skipping write tests
[    2.661392] scsi target2:0:0: Ending Domain Validation
[    2.670387] scsi target2:0:0: asynchronous
[    2.687559] scsi 2:0:1:0: Direct-Access     VBOX     HARDDISK         1.0  PQ: 0 ANSI: 5
[    2.720166] scsi target2:0:1: Beginning Domain Validation
[    2.722546] random: fast init done
[    2.741706] scsi target2:0:1: Domain Validation skipping write tests
[    2.743039] scsi target2:0:1: Ending Domain Validation
[    2.744288] scsi target2:0:1: asynchronous
[    2.749571] random: systemd-udevd: uninitialized urandom read (16 bytes read)
[    2.751080] random: systemd-udevd: uninitialized urandom read (16 bytes read)
[    2.752522] random: systemd-udevd: uninitialized urandom read (16 bytes read)
[    2.756289] sd 2:0:0:0: Attached scsi generic sg0 type 0
[    2.761939] sd 2:0:0:0: [sda] 20971520 512-byte logical blocks: (10.7 GB/10.0 GiB)
[    2.763630] sd 2:0:1:0: Attached scsi generic sg1 type 0
[    2.764832] sd 2:0:0:0: [sda] Write Protect is off
[    2.766129] sd 2:0:1:0: [sdb] 20480 512-byte logical blocks: (10.5 MB/10.0 MiB)
[    2.767725] sd 2:0:0:0: [sda] Incomplete mode parameter data
[    2.769027] sd 2:0:0:0: [sda] Assuming drive cache: write through
[    2.770708] sd 2:0:1:0: [sdb] Write Protect is off
[    2.772044] sd 2:0:1:0: [sdb] Incomplete mode parameter data
[    2.773281] sd 2:0:1:0: [sdb] Assuming drive cache: write through
[    2.776629]  sda: sda1
[    2.786013] sd 2:0:0:0: [sda] Attached SCSI disk
[    2.787516] sd 2:0:1:0: [sdb] Attached SCSI disk
Begin: Loading essential drivers ... [    4.396044] raid6: sse2x1   gen() 10440 MB/s
[    4.488098] raid6: sse2x1   xor()  8258 MB/s
[    4.536044] raid6: sse2x2   gen() 14311 MB/s
[    4.632426] raid6: sse2x2   xor()  9516 MB/s
[    4.696875] raid6: sse2x4   gen() 16776 MB/s
[    4.784682] raid6: sse2x4   xor() 10109 MB/s
[    4.880683] raid6: avx2x1   gen() 18604 MB/s
[    4.949011] raid6: avx2x1   xor() 14949 MB/s
[    5.056424] raid6: avx2x2   gen() 28120 MB/s
[    5.112032] raid6: avx2x2   xor() 17284 MB/s
[    5.220013] raid6: avx2x4   gen() 30103 MB/s
[    5.324799] raid6: avx2x4   xor() 19857 MB/s
[    5.367149] raid6: using algorithm avx2x4 gen() 30103 MB/s
[    5.425770] raid6: .... xor() 19857 MB/s, rmw enabled
[    5.501802] raid6: using avx2x2 recovery algorithm
[    5.556121] xor: automatically using best checksumming function   avx       
[    5.706781] async_tx: api initialized (async)
done.
Begin: Running /scripts/init-premount ... done.
Begin: Mounting root file system ... Begin: Running /scripts/local-top ... done.[    5.803559] Btrfs loaded, crc32c=crc32c-intel

Begin: Running /scripts/local-premount ... Scanning for Btrfs filesystems
done.
Warning: fsck no[    5.872891] EXT4-fs (sda1): mounted filesystem with ordered data mode. Opts: (null)
t present, so skipping root file system
done.
Begin: Running /scripts/local-bottom ... done.
Begin: Running /scripts/init-bottom ... done.
[    6.102315] ip_tables: (C) 2000-2006 Netfilter Core Team
[    6.112757] systemd[1]: systemd 237 running in system mode. (+PAM +AUDIT +SELINUX +IMA +APPARMOR +SMACK +SYSVINIT +UTMP +LIBCRYPTSETUP +GCRYPT +GNUTLS +ACL +XZ +LZ4 +SECCOMP +BLKID +ELFUTILS +KMOD -IDN2 +IDN -PCRE2 default-hierarchy=hybrid)
[    6.116882] systemd[1]: Detected virtualization oracle.
[    6.117957] systemd[1]: Detected architecture x86-64.

Welcome to [1mUbuntu 18.04.2 LTS[0m!

[    6.153659] systemd[1]: Set hostname to <ubuntu-bionic>.
[    6.502740] systemd[1]: Set up automount Arbitrary Executable File Formats File System Automount Point.
[[0;32m  OK  [0m] Set up automount Arbitrary Executab…rmats File System Automount Point.
[    6.506875] systemd[1]: Started Forward Password Requests to Wall Directory Watch.
[[0;32m  OK  [0m] Started Forward Password Requests to Wall Directory Watch.
[    6.600237] systemd[1]: Reached target User and Group Name Lookups.
[[0;32m  OK  [0m] Reached target User and Group Name Lookups.
[    6.745073] systemd[1]: Reached target Swap.
[[0;32m  OK  [0m] Reached target Swap.
[    6.813421] systemd[1]: Created slice User and Session Slice.
[[0;32m  OK  [0m] Created slice User and Session Slice.
[    6.905812] systemd[1]: Created slice System Slice.
[[0;32m  OK  [0m] Created slice System Slice.
[[0;32m  OK  [0m] Listening on Device-mapper event daemon FIFOs.
[[0;32m  OK  [0m] Listening on /dev/initctl Compatibility Named Pipe.
[[0;32m  OK  [0m] Listening on Journal Socket.
         Mounting Kernel Debug File System...
         Starting Remount Root and Kernel File Systems...
[    7.062989] EXT4-fs (sda1): re-mounted. Opts: (null)
         Mounting Huge Pages File System...
         Starting Uncomplicated firewall...
[[0;32m  OK  [0m] Listening on Syslog Socket.
[[0;32m  OK  [0m] Listening on Journal Socket (/dev/log).
[[0;32m  OK  [0m] Reached target Slices.
[[0;32m  OK  [0m] Listening on udev Control Socket.
         Starting Load Kernel Modules...
[[0;32m  OK  [0m] Listening on Network Service [    7.306694] Loading iSCSI transport class v2.0-870.
Netlink Socket.
         Starting Set the console keyboard layout...
[    7.364738] iscsi: registered transport (tcp)
[[0;32m  OK  [0m] Listening on Journal Audit Socket.
[[0;32m  OK  [0m] Created slice system-serial\x2dgetty.slice.
[    8.406178] iscsi: registered transport (iser)
[[0;32m  OK  [0m] Reached target System Time Synchronized.
         Starting Journal Service...
[[0;32m  OK  [0m] Listening on LVM2 metadata daemon socket.
         Starting Monitoring of LVM2 mirrors…ng dmeventd or progress polling...
         Mounting POSIX Message Queue File System...
[[0;32m  OK  [0m] Listening on udev Kernel Socket.
         Starting udev Coldplug all Devices...
[[0;32m  OK  [0m] Listening on LVM2 poll daemon socket.
         Starting Create list of required st…ce nodes for the current kernel...
[[0;32m  OK  [0m] Mounted Kernel Debug File System.
[[0;32m  OK  [0m] Started Journal Service.
[[0;32m  OK  [0m] Started Remount Root and Kernel File Systems.
[[0;32m  OK  [0m] Mounted Huge Pages File System.
[[0;32m  OK  [0m] Started Uncomplicated firewall.
[[0;32m  OK  [0m] Started Load Kernel Modules.
[[0;32m  OK  [0m] Started Set the console keyboard layout.
[[0;32m  OK  [0m] Mounted POSIX Message Queue File System.
[[0;32m  OK  [0m] Started Create list of required sta…vice nodes for the current kernel.
[[0;32m  OK  [0m] Started udev Coldplug all Devices.
[[0;32m  OK  [0m] Started LVM2 met[    9.727095] random: crng init done
adata daemon.
[    9.784567] random: 7 urandom warning(s) missed due to ratelimiting
         Starting Create Static Device Nodes in /dev...
         Starting Apply Kernel Variables...
         Mounting Kernel Configuration File System...
         Mounting FUSE Control File System...
         Starting Load/Save Random Seed...
         Starting Flush Journal to Persistent Storage...
[[0;32m  OK  [0m] Started Monitoring of LVM2 mirrors,…sing dmeventd or progress polling.
[[0;32m  OK  [0m] Mounted Kernel Configuration File System.
[[0;32m  OK  [0m] Mounted FUSE Control File System.
[[0;32m  OK  [0m] Started Create Static Device Nodes in /dev.
[[0;32m  OK  [0m] Reached target Local File Systems (Pre).
[[0;32m  OK  [0m] Reached target Local File Systems.
         Starting AppArmor initialization...
         Starting Set console font and keymap...
         Starting ebtables ruleset management...
         Starting Tell Plymouth To Write Out Runtime Data...
         Starting udev Kernel Device Manager...
[[0;32m  OK  [0m] Started Apply Kernel Variables.
[[0;32m  OK  [0m] Started Load/Save Random Seed.
[[0;32m  OK  [0m] Started Set console font and keymap.
[[0;32m  OK  [0m] Started udev Kernel Device Manager.
[[0;32m  OK  [0m] Started Tell Plymouth To Write Out Runtime Data.
[[0;32m  OK  [0m] Started Dispatch Password Requests to Console Directory Watch.
[[0;32m  OK  [0m] Reached target Local Encrypted Volumes.
[[0;32m  OK  [0m] Started ebtables ruleset management.
[[0;32m  OK  [0m] Started Flush Journal to Persistent Storage.
         Starting Create Volatile Files and Directories...
[[0;32m  OK  [0m] Started Create Volatile Files and Directories.
         Starting Update UTMP about System Boot/Shutdown...
[[0;32m  OK  [0m] Started Update UTMP about System Boot/Shutdown.
[[0;32m  OK  [0m] Found device /dev/ttyS0.
[[0;32m  OK  [0m] Listening on Load/Save RF Kill Switch Status /dev/rfkill Watch.
[[0;32m  OK  [0m] Started AppArmor initialization.
         Starting Initial cloud-init job (pre-networking)...
[   12.049498] cloud-init[519]: Cloud-init v. 19.1-1-gbaa47854-0ubuntu1~18.04.1 running 'init-local' at Sun, 05 Apr 2020 13:28:36 +0000. Up 11.80 seconds.
[[0;32m  OK  [0m] Started Initial cloud-init job (pre-networking).
[[0;32m  OK  [0m] Reached target Network (Pre).
         Starting Network Service...
[[0;32m  OK  [0m] Started Network Service.
         Starting Network Name Resolution...
         Starting Wait for Network to be Configured...
[[0;32m  OK  [0m] Started Network Name Resolution.
[[0;32m  OK  [0m] Reached target Network.
[[0;32m  OK  [0m] Reached target Host and Network Name Lookups.
[[0;32m  OK  [0m] Started Wait for Network to be Configured.
         Starting Initial cloud-init job (metadata service crawler)...
[   14.935384] cloud-init[701]: Cloud-init v. 19.1-1-gbaa47854-0ubuntu1~18.04.1 running 'init' at Sun, 05 Apr 2020 13:28:39 +0000. Up 14.72 seconds.
[   14.989820] cloud-init[701]: ci-info: ++++++++++++++++++++++++++++++++++++++Net device info++++++++++++++++++++++++++++++++++++++
[   14.991476] cloud-init[701]: ci-info: +--------+------+----------------------------+---------------+--------+-------------------+
[   14.993099] cloud-init[701]: ci-info: | Device |  Up  |          Address           |      Mask     | Scope  |     Hw-Address    |
[   15.010247] cloud-init[701]: ci-info: +--------+------+----------------------------+---------------+--------+-------------------+
[   15.012179] cloud-init[701]: ci-info: | enp0s3 | True |         10.0.2.15          | 255.255.255.0 | global | 02:26:45:5c:bc:af |
[   15.013988] cloud-init[701]: ci-info: | enp0s3 | True | fe80::26:45ff:fe5c:bcaf/64 |       .       |  link  | 02:26:45:5c:bc:af |
[   15.031359] cloud-init[701]: ci-info: |   lo   | True |         127.0.0.1          |   255.0.0.0   |  host  |         .         |
[   15.047097] cloud-init[701]: ci-info: |   lo   | True |          ::1/128           |       .       |  host  |         .         |
[   15.060409] cloud-init[701]: ci-info: +--------+------+----------------------------+---------------+--------+-------------------+
[   15.082708] cloud-init[701]: ci-info: ++++++++++++++++++++++++++++Route IPv4 info+++++++++++++++++++++++++++++
[   15.084448] cloud-init[701]: ci-info: +-------+-------------+----------+-----------------+-----------+-------+
[   15.085885] cloud-init[701]: ci-info: | Route | Destination | Gateway  |     Genmask     | Interface | Flags |
[   15.087330] cloud-init[701]: ci-info: +-------+-------------+----------+-----------------+-----------+-------+
[   15.088989] cloud-init[701]: ci-info: |   0   |   0.0.0.0   | 10.0.2.2 |     0.0.0.0     |   enp0s3  |   UG  |
[   15.090552] cloud-init[701]: ci-info: |   1   |   10.0.2.0  | 0.0.0.0  |  255.255.255.0  |   enp0s3  |   U   |
[   15.092106] cloud-init[701]: ci-info: |   2   |   10.0.2.2  | 0.0.0.0  | 255.255.255.255 |   enp0s3  |   UH  |
[   15.093565] cloud-init[701]: ci-info: +-------+-------------+----------+-----------------+-----------+-------+
[[0;32m  OK  [0m] Started Initial cloud-init job (metadata service crawler).
[[0;32m  OK  [0m] Reached target System Initialization.
[   15.178337] cloud-init[701]: ci-info: +++++++++++++++++++Route IPv6 info+++++++++++++++++++
[[0;32m  OK  [0m] Listening on D-Bus System Message Bus Socket.
[   15.224863] cloud-init[701]: ci-info: +-------+-------------+---------+-----------+-------+
         Starting Socket activation for snappy daemon.
[   15.338103] cloud-init[701]: ci-info: | Route | Destination | Gateway | Interface | Flags |
[[0;32m  OK  [0m] Started Clean PHP session files every 30 mins.
[   15.409056] [[0;32m  OK  [0m] Listening on UUID daemon activation socket.
[[0;32m  OK  [0m] Started Message of the Day.
[[0;32m  OK  [0m] Listening on Open-iSCSI iscsid Socket.
cloud-init[701]: ci-info: +-------+-------------+---------+-----------+-------+
[[0;32m  OK  [0m] Started Daily apt download activities.
[   15.581261] [cloud-init[0;32m  OK  [0m[701]: ] ci-info: |   1   |  fe80::/64  |    ::   |   enp0s3  |   U   |Started Daily apt upgrade and clean activities.

[[0;32m  OK  [0m] Listening on ACPID Listen Socket.
[   15.596153] cloud-init[701]: ci-info: |   3   |    local    |    ::   |   enp0s3  |   U   |
         Starting LXD - unix socket.
[[0;32m  OK  [0m] Started Daily Cleanup of Temporary Directories.
[   15.674025] cloud-init[701]: ci-info: |   4   |   ff00::/8  |    ::   |   enp0s3  |   U   |
[[0;32m  OK  [0m] Started ACPI Events Check.
[[0;32m  OK  [0m] Reached target Paths.
[[0;32m  OK  [0m] Started Discard unused blocks once a week.
[[0;32m  OK  [0m] Reached target Timers.
[   15.760461] cloud-init[701]: ci-info: +-------+-------------+---------+-----------+-------+
[[0;32m  OK  [0m] Reached target Network is Online.
[[0;32m  OK  [0m] Reached target Remote File Systems (Pre).
[[0;32m  OK  [0m] Reached target Remote File Systems.
         Starting Availability of block devices...
[[0;32m  OK  [0m] Reached target Cloud-config availability.
[[0;32m  OK  [0m] Listening on Socket activation for snappy daemon.
[[0;32m  OK  [0m] Listening on LXD - unix socket.
[[0;32m  OK  [0m] Started Availability of block devices.
[[0;32m  OK  [0m] Reached target Sockets.
[[0;32m  OK  [0m] Reached target Basic System.
[[0;32m  OK  [0m] Started D-Bus System Message Bus.
         Starting System Logging Service...
         Starting Permit User Sessions...
         Starting LXD - container startup/shutdown...
         Starting Login Service...
         Starting Daily apt upgrade and clean activities...
         Starting LSB: automatic crash report generation...
         Starting A high performance web server and a reverse proxy server...
         Starting LSB: Record successful boot for GRUB...
         Starting The PHP 7.2 FastCGI Process Manager...
[[0;32m  OK  [0m] Started Deferred execution scheduler.
[[0;32m  OK  [0m] Started Regular background program processing daemon.
         Starting OpenBSD Secure Shell server...
         Starting Accounts Service...
         Starting vboxadd.service...
[[0;32m  OK  [0m] Started FUSE filesystem for LXC.
         Starting Dispatcher daemon for systemd-networkd...
[[0;32m  OK  [0m] Started irqbalance daemon.
         Starting Clean php session files...
         Starting Snappy daemon...
[[0;32m  OK  [0m] Started System Logging Service.
[[0;32m  OK  [0m] Started The PHP 7.2 FastCGI Process Manager.
[[0;32m  OK  [0m] Started Permit User Sessions.
[[0;32m  OK  [0m] Started LXD - container startup/shutdown.
[[0;32m  OK  [0m] Started Login Service.
[[0;32m  OK  [0m] Started OpenBSD Secure Shell server.
[[0;32m  OK  [0m] Started A high performance web server and a reverse proxy server.
         Starting Authorization Manager...
[[0;32m  OK  [0m] Started Unattended Upgrades Shutdown.
         Starting Terminate Plymouth Boot Screen...
         Starting Hold until boot process finishes up...
[[0;32m  OK  [0m] Started LSB: automatic crash report generation.
[[0;32m  OK  [0m] Started Terminate Plymouth Boot Screen.
[[0;32m  OK  [0m] Started Hold until boot process finishes up.
[[0;32m  OK  [0m] Started Serial Getty on ttyS0.
         Starting Set console scheme...
[[0;32m  OK  [0m] Started LSB: Record successful boot for GRUB.
[[0;32m  OK  [0m] Started Set console scheme.
[[0;32m  OK  [0m] Started Authorization Manager.
[[0;32m  OK  [0m] Started Accounts Service.
[[0;32m  OK  [0m] Created slice system-getty.slice.
[[0;32m  OK  [0m] Started Getty on tty1.
[[0;32m  OK  [0m] Reached target Login Prompts.
[[0;32m  OK  [0m] Created slice User Slice of vagrant.
[[0;32m  OK  [0m] Started Snappy daemon.
[[0;32m  OK  [0m] Started Clean php session files.
[[0;32m  OK  [0m] Started Session 1 of user vagrant.
         Starting Wait until snapd is fully seeded...
         Starting User Manager for UID 1000...
[[0;32m  OK  [0m] Started Dispatcher daemon for systemd-networkd.
[[0;32m  OK  [0m] Started Wait until snapd is fully seeded.
         Starting Apply the settings specified in cloud-config...
[[0;32m  OK  [0m] Started User Manager for UID 1000.
[   19.453862] cloud-init[1290]: Cloud-init v. 19.1-1-gbaa47854-0ubuntu1~18.04.1 running 'modules:config' at Sun, 05 Apr 2020 13:28:44 +0000. Up 19.22 seconds.
[[0;32m  OK  [0m] Started Apply the settings specified in cloud-config.
[[0;32m  OK  [0m] Started vboxadd.service.
         Starting vboxadd-service.service...
[[0;32m  OK  [0m] Started vboxadd-service.service.
[[0;32m  OK  [0m] Reached target Multi-User System.
[[0;32m  OK  [0m] Reached target Graphical Interface.
         Starting Update UTMP about System Runlevel Changes...
         Starting Execute cloud user/final scripts...
[[0;32m  OK  [0m] Started Update UTMP about System Runlevel Changes.
[   20.897567] cloud-init[1484]: Cloud-init v. 19.1-1-gbaa47854-0ubuntu1~18.04.1 running 'modules:final' at Sun, 05 Apr 2020 13:28:45 +0000. Up 20.75 seconds.
[   20.912987] cloud-init[1484]: Cloud-init v. 19.1-1-gbaa47854-0ubuntu1~18.04.1 finished at Sun, 05 Apr 2020 13:28:46 +0000. Datasource DataSourceNoCloud [seed=/dev/sdb][dsmode=net].  Up 20.88 seconds
[[0;32m  OK  [0m] Started Execute cloud user/final scripts.
[[0;32m  OK  [0m] Reached target Cloud-init target.

Ubuntu 18.04.2 LTS ubuntu-bionic ttyS0

ubuntu-bionic login: 